  Compiling CUDA source file norme.cu...
  
  C:\Users\rcruz\Dropbox\Teaching\LOG645 - Parallel things\Cours Rafael\2023\LOG645-Course-examples\2021\Cours10\CUDA_examples\norme_exemple>"C:\Program Files\NVIDIA GPU Computing Toolkit\CUDA\v11.5\bin\nvcc.exe" -gencode=arch=compute_52,code=\"sm_52,compute_52\" --use-local-env -ccbin "C:\Program Files (x86)\Microsoft Visual Studio\2019\Enterprise\VC\Tools\MSVC\14.29.30133\bin\HostX86\x64" -x cu   -I"C:\Program Files\NVIDIA GPU Computing Toolkit\CUDA\v11.5\include" -I"C:\Program Files\NVIDIA GPU Computing Toolkit\CUDA\v11.5\include"  -G   --keep-dir x64\Debug  -maxrregcount=0  --machine 64 --compile -cudart static  -g  -DWIN32 -DWIN64 -D_DEBUG -D_CONSOLE -D_MBCS -Xcompiler "/EHsc /W3 /nologo /Od /Fdx64\Debug\vc142.pdb /FS /Zi /RTC1 /MDd " -o x64\Debug\norme.cu.obj "C:\Users\rcruz\Dropbox\Teaching\LOG645 - Parallel things\Cours Rafael\2023\LOG645-Course-examples\2021\Cours10\CUDA_examples\norme_exemple\norme.cu" 
C:\Users\rcruz\Dropbox\Teaching\LOG645 - Parallel things\Cours Rafael\2023\LOG645-Course-examples\2021\Cours10\CUDA_examples\norme_exemple\norme.cu(34): fatal error C1021: invalid preprocessor command 'warning'
  norme.cu
C:\Program Files (x86)\Microsoft Visual Studio\2019\Enterprise\MSBuild\Microsoft\VC\v160\BuildCustomizations\CUDA 11.5.targets(785,9): error MSB3721: The command ""C:\Program Files\NVIDIA GPU Computing Toolkit\CUDA\v11.5\bin\nvcc.exe" -gencode=arch=compute_52,code=\"sm_52,compute_52\" --use-local-env -ccbin "C:\Program Files (x86)\Microsoft Visual Studio\2019\Enterprise\VC\Tools\MSVC\14.29.30133\bin\HostX86\x64" -x cu   -I"C:\Program Files\NVIDIA GPU Computing Toolkit\CUDA\v11.5\include" -I"C:\Program Files\NVIDIA GPU Computing Toolkit\CUDA\v11.5\include"  -G   --keep-dir x64\Debug  -maxrregcount=0  --machine 64 --compile -cudart static  -g  -DWIN32 -DWIN64 -D_DEBUG -D_CONSOLE -D_MBCS -Xcompiler "/EHsc /W3 /nologo /Od /Fdx64\Debug\vc142.pdb /FS /Zi /RTC1 /MDd " -o x64\Debug\norme.cu.obj "C:\Users\rcruz\Dropbox\Teaching\LOG645 - Parallel things\Cours Rafael\2023\LOG645-Course-examples\2021\Cours10\CUDA_examples\norme_exemple\norme.cu"" exited with code 2.
